d:\source\repos\dungeonofmadness\dungeonofmadness\debug\vc142.pdb
d:\source\repos\dungeonofmadness\dungeonofmadness\debug\vc142.idb
d:\source\repos\dungeonofmadness\dungeonofmadness\debug\weapon.obj
d:\source\repos\dungeonofmadness\dungeonofmadness\debug\equiptment.obj
d:\source\repos\dungeonofmadness\dungeonofmadness\debug\armor.obj
d:\source\repos\dungeonofmadness\dungeonofmadness\debug\parser.obj
d:\source\repos\dungeonofmadness\dungeonofmadness\debug\application.obj
d:\source\repos\dungeonofmadness\dungeonofmadness\debug\executable.obj
d:\source\repos\dungeonofmadness\dungeonofmadness\debug\helpexecutable.obj
d:\source\repos\dungeonofmadness\dungeonofmadness\debug\functionexecutable.obj
d:\source\repos\dungeonofmadness\dungeonofmadness\debug\reader.obj
d:\source\repos\dungeonofmadness\dungeonofmadness\debug\stringhelper.obj
d:\source\repos\dungeonofmadness\dungeonofmadness\debug\gotoexecutable.obj
d:\source\repos\dungeonofmadness\dungeonofmadness\debug\environmentcontroller.obj
d:\source\repos\dungeonofmadness\dungeonofmadness\debug\environment.obj
d:\source\repos\dungeonofmadness\dungeonofmadness\debug\dialoguecontainer.obj
d:\source\repos\dungeonofmadness\dungeonofmadness\debug\dialoguebranch.obj
d:\source\repos\dungeonofmadness\dungeonofmadness\debug\playercharacter.obj
d:\source\repos\dungeonofmadness\dungeonofmadness\debug\npccharacter.obj
d:\source\repos\dungeonofmadness\dungeonofmadness\debug\character.obj
d:\source\repos\dungeonofmadness\dungeonofmadness\debug\statemachine.obj
d:\source\repos\dungeonofmadness\dungeonofmadness\debug\statecontainer.obj
d:\source\repos\dungeonofmadness\dungeonofmadness\debug\gamemanager.obj
d:\source\repos\dungeonofmadness\dungeonofmadness\debug\charactercontroller.obj
d:\source\repos\dungeonofmadness\dungeonofmadness\debug\battlecontroller.obj
d:\source\repos\dungeonofmadness\debug\dungeonofmadness.exe
d:\source\repos\dungeonofmadness\debug\dungeonofmadness.ilk
d:\source\repos\dungeonofmadness\debug\dungeonofmadness.pdb
d:\source\repos\dungeonofmadness\dungeonofmadness\debug\dungeonofmadness.tlog\cl.command.1.tlog
d:\source\repos\dungeonofmadness\dungeonofmadness\debug\dungeonofmadness.tlog\cl.read.1.tlog
d:\source\repos\dungeonofmadness\dungeonofmadness\debug\dungeonofmadness.tlog\cl.write.1.tlog
d:\source\repos\dungeonofmadness\dungeonofmadness\debug\dungeonofmadness.tlog\link.command.1.tlog
d:\source\repos\dungeonofmadness\dungeonofmadness\debug\dungeonofmadness.tlog\link.read.1.tlog
d:\source\repos\dungeonofmadness\dungeonofmadness\debug\dungeonofmadness.tlog\link.write.1.tlog
